c:\users\dhsys\downloads\protobuf_소스코드\gameserver\x64\debug\gameserver.pch
c:\users\dhsys\downloads\protobuf_소스코드\gameserver\x64\debug\vc142.pdb
c:\users\dhsys\downloads\protobuf_소스코드\gameserver\x64\debug\vc142.idb
c:\users\dhsys\downloads\protobuf_소스코드\gameserver\x64\debug\pch.obj
c:\users\dhsys\downloads\protobuf_소스코드\gameserver\x64\debug\serverpackethandler.obj
c:\users\dhsys\downloads\protobuf_소스코드\gameserver\x64\debug\gamesessionmanager.obj
c:\users\dhsys\downloads\protobuf_소스코드\gameserver\x64\debug\gamesession.obj
c:\users\dhsys\downloads\protobuf_소스코드\gameserver\x64\debug\gameserver.obj
c:\users\dhsys\downloads\protobuf_소스코드\gameserver\x64\debug\protocol.pb.obj
d:\directxpersonalprojectfolder\서버프로젝트\protobufsrccode\gameserver\x64\debug\gameserver.pch
d:\directxpersonalprojectfolder\서버프로젝트\protobufsrccode\gameserver\x64\debug\vc142.pdb
d:\directxpersonalprojectfolder\서버프로젝트\protobufsrccode\gameserver\x64\debug\vc142.idb
d:\directxpersonalprojectfolder\서버프로젝트\protobufsrccode\gameserver\x64\debug\pch.obj
d:\directxpersonalprojectfolder\서버프로젝트\protobufsrccode\gameserver\x64\debug\serverpackethandler.obj
d:\directxpersonalprojectfolder\서버프로젝트\protobufsrccode\gameserver\x64\debug\gamesessionmanager.obj
d:\directxpersonalprojectfolder\서버프로젝트\protobufsrccode\gameserver\x64\debug\gamesession.obj
d:\directxpersonalprojectfolder\서버프로젝트\protobufsrccode\gameserver\x64\debug\gameserver.obj
d:\directxpersonalprojectfolder\서버프로젝트\protobufsrccode\gameserver\x64\debug\protocol.pb.obj
c:\users\dhsys\downloads\protobuf_소스코드\gameserver\x64\debug\gameserver.ilk
c:\users\dhsys\downloads\protobuf_소스코드\binary\debug\gameserver.exe
c:\users\dhsys\downloads\protobuf_소스코드\binary\debug\gameserver.pdb
d:\directxpersonalprojectfolder\서버프로젝트\protobufsrccode\binary\debug\gameserver.exe
d:\directxpersonalprojectfolder\서버프로젝트\protobufsrccode\gameserver\x64\debug\gameserver.ilk
d:\directxpersonalprojectfolder\서버프로젝트\protobufsrccode\binary\debug\gameserver.pdb
d:\directxpersonalprojectfolder\서버프로젝트\protobufsrccode\gameserver\x64\debug\gameserver.tlog\cl.command.1.tlog
d:\directxpersonalprojectfolder\서버프로젝트\protobufsrccode\gameserver\x64\debug\gameserver.tlog\cl.read.1.tlog
d:\directxpersonalprojectfolder\서버프로젝트\protobufsrccode\gameserver\x64\debug\gameserver.tlog\cl.write.1.tlog
d:\directxpersonalprojectfolder\서버프로젝트\protobufsrccode\gameserver\x64\debug\gameserver.tlog\link.command.1.tlog
d:\directxpersonalprojectfolder\서버프로젝트\protobufsrccode\gameserver\x64\debug\gameserver.tlog\link.read.1.tlog
d:\directxpersonalprojectfolder\서버프로젝트\protobufsrccode\gameserver\x64\debug\gameserver.tlog\link.write.1.tlog
