c:\users\dhsys\downloads\protobuf_소스코드\dummyclient\x64\debug\dummyclient.pch
c:\users\dhsys\downloads\protobuf_소스코드\dummyclient\x64\debug\vc142.pdb
c:\users\dhsys\downloads\protobuf_소스코드\dummyclient\x64\debug\vc142.idb
c:\users\dhsys\downloads\protobuf_소스코드\dummyclient\x64\debug\pch.obj
c:\users\dhsys\downloads\protobuf_소스코드\dummyclient\x64\debug\dummyclient.obj
c:\users\dhsys\downloads\protobuf_소스코드\dummyclient\x64\debug\clientpackethandler.obj
c:\users\dhsys\downloads\protobuf_소스코드\dummyclient\x64\debug\protocol.pb.obj
d:\directxpersonalprojectfolder\서버프로젝트\protobufsrccode\dummyclient\x64\debug\dummyclient.pch
d:\directxpersonalprojectfolder\서버프로젝트\protobufsrccode\dummyclient\x64\debug\vc142.pdb
d:\directxpersonalprojectfolder\서버프로젝트\protobufsrccode\dummyclient\x64\debug\vc142.idb
d:\directxpersonalprojectfolder\서버프로젝트\protobufsrccode\dummyclient\x64\debug\pch.obj
d:\directxpersonalprojectfolder\서버프로젝트\protobufsrccode\dummyclient\x64\debug\dummyclient.obj
d:\directxpersonalprojectfolder\서버프로젝트\protobufsrccode\dummyclient\x64\debug\clientpackethandler.obj
d:\directxpersonalprojectfolder\서버프로젝트\protobufsrccode\dummyclient\x64\debug\protocol.pb.obj
c:\users\dhsys\downloads\protobuf_소스코드\dummyclient\x64\debug\dummyclient.ilk
c:\users\dhsys\downloads\protobuf_소스코드\binary\debug\dummyclient.exe
c:\users\dhsys\downloads\protobuf_소스코드\binary\debug\dummyclient.pdb
d:\directxpersonalprojectfolder\서버프로젝트\protobufsrccode\binary\debug\dummyclient.exe
d:\directxpersonalprojectfolder\서버프로젝트\protobufsrccode\dummyclient\x64\debug\dummyclient.ilk
d:\directxpersonalprojectfolder\서버프로젝트\protobufsrccode\binary\debug\dummyclient.pdb
d:\directxpersonalprojectfolder\서버프로젝트\protobufsrccode\dummyclient\x64\debug\dummyclient.tlog\cl.command.1.tlog
d:\directxpersonalprojectfolder\서버프로젝트\protobufsrccode\dummyclient\x64\debug\dummyclient.tlog\cl.read.1.tlog
d:\directxpersonalprojectfolder\서버프로젝트\protobufsrccode\dummyclient\x64\debug\dummyclient.tlog\cl.write.1.tlog
d:\directxpersonalprojectfolder\서버프로젝트\protobufsrccode\dummyclient\x64\debug\dummyclient.tlog\link.command.1.tlog
d:\directxpersonalprojectfolder\서버프로젝트\protobufsrccode\dummyclient\x64\debug\dummyclient.tlog\link.read.1.tlog
d:\directxpersonalprojectfolder\서버프로젝트\protobufsrccode\dummyclient\x64\debug\dummyclient.tlog\link.write.1.tlog
