c:\users\dhsys\downloads\protobuf_소스코드\servercore\x64\debug\servercore.pch
c:\users\dhsys\downloads\protobuf_소스코드\libraries\debug\servercore.pdb
c:\users\dhsys\downloads\protobuf_소스코드\libraries\debug\servercore.idb
c:\users\dhsys\downloads\protobuf_소스코드\servercore\x64\debug\pch.obj
c:\users\dhsys\downloads\protobuf_소스코드\servercore\x64\debug\socketutils.obj
c:\users\dhsys\downloads\protobuf_소스코드\servercore\x64\debug\session.obj
c:\users\dhsys\downloads\protobuf_소스코드\servercore\x64\debug\service.obj
c:\users\dhsys\downloads\protobuf_소스코드\servercore\x64\debug\sendbuffer.obj
c:\users\dhsys\downloads\protobuf_소스코드\servercore\x64\debug\refcounting.obj
c:\users\dhsys\downloads\protobuf_소스코드\servercore\x64\debug\recvbuffer.obj
c:\users\dhsys\downloads\protobuf_소스코드\servercore\x64\debug\netaddress.obj
c:\users\dhsys\downloads\protobuf_소스코드\servercore\x64\debug\memorypool.obj
c:\users\dhsys\downloads\protobuf_소스코드\servercore\x64\debug\memory.obj
c:\users\dhsys\downloads\protobuf_소스코드\servercore\x64\debug\lock.obj
c:\users\dhsys\downloads\protobuf_소스코드\servercore\x64\debug\listener.obj
c:\users\dhsys\downloads\protobuf_소스코드\servercore\x64\debug\iocpevent.obj
c:\users\dhsys\downloads\protobuf_소스코드\servercore\x64\debug\iocpcore.obj
c:\users\dhsys\downloads\protobuf_소스코드\servercore\x64\debug\deadlockprofiler.obj
c:\users\dhsys\downloads\protobuf_소스코드\servercore\x64\debug\coretls.obj
c:\users\dhsys\downloads\protobuf_소스코드\servercore\x64\debug\corepch.obj
c:\users\dhsys\downloads\protobuf_소스코드\servercore\x64\debug\coreglobal.obj
c:\users\dhsys\downloads\protobuf_소스코드\servercore\x64\debug\bufferwriter.obj
c:\users\dhsys\downloads\protobuf_소스코드\servercore\x64\debug\bufferreader.obj
c:\users\dhsys\downloads\protobuf_소스코드\servercore\x64\debug\allocator.obj
c:\users\dhsys\downloads\protobuf_소스코드\servercore\x64\debug\threadmanager.obj
d:\directxpersonalprojectfolder\서버프로젝트\protobufsrccode\servercore\x64\debug\servercore.pch
d:\directxpersonalprojectfolder\서버프로젝트\protobufsrccode\libraries\debug\servercore.pdb
d:\directxpersonalprojectfolder\서버프로젝트\protobufsrccode\libraries\debug\servercore.idb
d:\directxpersonalprojectfolder\서버프로젝트\protobufsrccode\servercore\x64\debug\pch.obj
d:\directxpersonalprojectfolder\서버프로젝트\protobufsrccode\servercore\x64\debug\socketutils.obj
d:\directxpersonalprojectfolder\서버프로젝트\protobufsrccode\servercore\x64\debug\session.obj
d:\directxpersonalprojectfolder\서버프로젝트\protobufsrccode\servercore\x64\debug\service.obj
d:\directxpersonalprojectfolder\서버프로젝트\protobufsrccode\servercore\x64\debug\sendbuffer.obj
d:\directxpersonalprojectfolder\서버프로젝트\protobufsrccode\servercore\x64\debug\refcounting.obj
d:\directxpersonalprojectfolder\서버프로젝트\protobufsrccode\servercore\x64\debug\recvbuffer.obj
d:\directxpersonalprojectfolder\서버프로젝트\protobufsrccode\servercore\x64\debug\netaddress.obj
d:\directxpersonalprojectfolder\서버프로젝트\protobufsrccode\servercore\x64\debug\memorypool.obj
d:\directxpersonalprojectfolder\서버프로젝트\protobufsrccode\servercore\x64\debug\memory.obj
d:\directxpersonalprojectfolder\서버프로젝트\protobufsrccode\servercore\x64\debug\lock.obj
d:\directxpersonalprojectfolder\서버프로젝트\protobufsrccode\servercore\x64\debug\listener.obj
d:\directxpersonalprojectfolder\서버프로젝트\protobufsrccode\servercore\x64\debug\iocpevent.obj
d:\directxpersonalprojectfolder\서버프로젝트\protobufsrccode\servercore\x64\debug\iocpcore.obj
d:\directxpersonalprojectfolder\서버프로젝트\protobufsrccode\servercore\x64\debug\deadlockprofiler.obj
d:\directxpersonalprojectfolder\서버프로젝트\protobufsrccode\servercore\x64\debug\coretls.obj
d:\directxpersonalprojectfolder\서버프로젝트\protobufsrccode\servercore\x64\debug\corepch.obj
d:\directxpersonalprojectfolder\서버프로젝트\protobufsrccode\servercore\x64\debug\coreglobal.obj
d:\directxpersonalprojectfolder\서버프로젝트\protobufsrccode\servercore\x64\debug\bufferwriter.obj
d:\directxpersonalprojectfolder\서버프로젝트\protobufsrccode\servercore\x64\debug\bufferreader.obj
d:\directxpersonalprojectfolder\서버프로젝트\protobufsrccode\servercore\x64\debug\allocator.obj
d:\directxpersonalprojectfolder\서버프로젝트\protobufsrccode\servercore\x64\debug\threadmanager.obj
c:\users\dhsys\downloads\protobuf_소스코드\libraries\debug\servercore.lib
d:\directxpersonalprojectfolder\서버프로젝트\protobufsrccode\libraries\debug\servercore.lib
d:\directxpersonalprojectfolder\서버프로젝트\protobufsrccode\servercore\x64\debug\servercore.tlog\cl.command.1.tlog
d:\directxpersonalprojectfolder\서버프로젝트\protobufsrccode\servercore\x64\debug\servercore.tlog\cl.read.1.tlog
d:\directxpersonalprojectfolder\서버프로젝트\protobufsrccode\servercore\x64\debug\servercore.tlog\cl.write.1.tlog
d:\directxpersonalprojectfolder\서버프로젝트\protobufsrccode\servercore\x64\debug\servercore.tlog\lib-link.read.1.tlog
d:\directxpersonalprojectfolder\서버프로젝트\protobufsrccode\servercore\x64\debug\servercore.tlog\lib-link.write.1.tlog
d:\directxpersonalprojectfolder\서버프로젝트\protobufsrccode\servercore\x64\debug\servercore.tlog\lib.command.1.tlog
